<?xml version="1.0" encoding="UTF-8"?>
<!-- Generated by org.testng.reporters.JUnitXMLReporter -->
<testsuite hostname="jyothisateesh" tests="5" failures="0" timestamp="18 Oct 2015 09:50:15 GMT" time="43.48" errors="0">
  <testcase name="About" time="6.165" classname="Hamburger"/>
  <testcase name="Booking" time="3.888" classname="Hamburger"/>
  <testcase name="Favourites" time="3.631" classname="Hamburger"/>
  <testcase name="Reviews" time="4.441" classname="Hamburger"/>
  <testcase name="Profile" time="4.508" classname="Hamburger"/>
</testsuite>
