<?xml version="1.0" encoding="UTF-8"?>
<!-- Generated by org.testng.reporters.JUnitXMLReporter -->
<testsuite hostname="jyothisateesh" tests="1" failures="1" timestamp="18 Oct 2015 00:59:07 GMT" time="0.0" errors="0">
  <testcase name="Logoutapp" time="0.0" classname="Logout">
    <failure type="java.lang.NullPointerException">
      <![CDATA[java.lang.NullPointerException
	at Logout.Logoutapp(Logout.java:15)
... Removed 24 stack frames]]>
    </failure>
  </testcase> <!-- Logoutapp -->
</testsuite>
