<?xml version="1.0" encoding="UTF-8"?>
<testng-results skipped="0" failed="0" total="11" passed="11">
  <reporter-output>
  </reporter-output>
  <suite name="Suite" duration-ms="130715" started-at="2015-10-18T09:48:05Z" finished-at="2015-10-18T09:50:15Z">
    <groups>
    </groups>
    <test name="Setup" duration-ms="29204" started-at="2015-10-18T09:48:05Z" finished-at="2015-10-18T09:48:34Z">
      <class name="Setup">
        <test-method status="PASS" signature="configure()[pri:0, instance:Setup@71ddd078]" name="configure" duration-ms="15334" started-at="2015-10-18T15:18:05Z" finished-at="2015-10-18T15:18:20Z">
          <reporter-output>
          </reporter-output>
        </test-method> <!-- configure -->
        <test-method status="PASS" signature="State_Selection()[pri:0, instance:Setup@71ddd078]" name="State_Selection" duration-ms="13853" started-at="2015-10-18T15:18:20Z" depends-on-methods="Setup.configure" finished-at="2015-10-18T15:18:34Z">
          <reporter-output>
          </reporter-output>
        </test-method> <!-- State_Selection -->
      </class> <!-- Setup -->
    </test> <!-- Setup -->
    <test name="Login" duration-ms="23119" started-at="2015-10-18T09:48:34Z" finished-at="2015-10-18T09:48:57Z">
      <class name="Login">
        <test-method status="PASS" signature="user_login()[pri:0, instance:Login@200e5602]" name="user_login" duration-ms="23117" started-at="2015-10-18T15:18:34Z" finished-at="2015-10-18T15:18:57Z">
          <reporter-output>
          </reporter-output>
        </test-method> <!-- user_login -->
      </class> <!-- Login -->
    </test> <!-- Login -->
    <test name="SearchSpa" duration-ms="34870" started-at="2015-10-18T09:48:57Z" finished-at="2015-10-18T09:49:32Z">
      <class name="SearchSpa">
        <test-method status="PASS" signature="search()[pri:0, instance:SearchSpa@6fb66469]" name="search" duration-ms="4881" started-at="2015-10-18T15:18:57Z" finished-at="2015-10-18T15:19:02Z">
          <reporter-output>
          </reporter-output>
        </test-method> <!-- search -->
        <test-method status="PASS" signature="Product_Sel()[pri:0, instance:SearchSpa@6fb66469]" name="Product_Sel" duration-ms="21387" started-at="2015-10-18T15:19:02Z" finished-at="2015-10-18T15:19:23Z">
          <reporter-output>
          </reporter-output>
        </test-method> <!-- Product_Sel -->
        <test-method status="PASS" signature="Service_sel()[pri:0, instance:SearchSpa@6fb66469]" name="Service_sel" duration-ms="8598" started-at="2015-10-18T15:19:23Z" finished-at="2015-10-18T15:19:32Z">
          <reporter-output>
          </reporter-output>
        </test-method> <!-- Service_sel -->
      </class> <!-- SearchSpa -->
    </test> <!-- SearchSpa -->
    <test name="Hamburger" duration-ms="43480" started-at="2015-10-18T09:49:32Z" finished-at="2015-10-18T09:50:15Z">
      <class name="Hamburger">
        <test-method status="PASS" signature="search()[pri:0, instance:Hamburger@47845cb3]" name="search" is-config="true" duration-ms="17770" started-at="2015-10-18T15:19:32Z" finished-at="2015-10-18T15:19:50Z">
          <reporter-output>
          </reporter-output>
        </test-method> <!-- search -->
        <test-method status="PASS" signature="About()[pri:0, instance:Hamburger@47845cb3]" name="About" duration-ms="6165" started-at="2015-10-18T15:19:50Z" finished-at="2015-10-18T15:19:56Z">
          <reporter-output>
          </reporter-output>
        </test-method> <!-- About -->
        <test-method status="PASS" signature="search()[pri:0, instance:Hamburger@47845cb3]" name="search" is-config="true" duration-ms="196" started-at="2015-10-18T15:19:56Z" finished-at="2015-10-18T15:19:56Z">
          <reporter-output>
          </reporter-output>
        </test-method> <!-- search -->
        <test-method status="PASS" signature="Booking()[pri:0, instance:Hamburger@47845cb3]" name="Booking" duration-ms="3888" started-at="2015-10-18T15:19:56Z" finished-at="2015-10-18T15:20:00Z">
          <reporter-output>
          </reporter-output>
        </test-method> <!-- Booking -->
        <test-method status="PASS" signature="search()[pri:0, instance:Hamburger@47845cb3]" name="search" is-config="true" duration-ms="887" started-at="2015-10-18T15:20:00Z" finished-at="2015-10-18T15:20:01Z">
          <reporter-output>
          </reporter-output>
        </test-method> <!-- search -->
        <test-method status="PASS" signature="Favourites()[pri:0, instance:Hamburger@47845cb3]" name="Favourites" duration-ms="3631" started-at="2015-10-18T15:20:01Z" finished-at="2015-10-18T15:20:05Z">
          <reporter-output>
          </reporter-output>
        </test-method> <!-- Favourites -->
        <test-method status="PASS" signature="search()[pri:0, instance:Hamburger@47845cb3]" name="search" is-config="true" duration-ms="1085" started-at="2015-10-18T15:20:05Z" finished-at="2015-10-18T15:20:06Z">
          <reporter-output>
          </reporter-output>
        </test-method> <!-- search -->
        <test-method status="PASS" signature="Reviews()[pri:0, instance:Hamburger@47845cb3]" name="Reviews" duration-ms="4441" started-at="2015-10-18T15:20:06Z" finished-at="2015-10-18T15:20:10Z">
          <reporter-output>
          </reporter-output>
        </test-method> <!-- Reviews -->
        <test-method status="PASS" signature="search()[pri:0, instance:Hamburger@47845cb3]" name="search" is-config="true" duration-ms="902" started-at="2015-10-18T15:20:10Z" finished-at="2015-10-18T15:20:11Z">
          <reporter-output>
          </reporter-output>
        </test-method> <!-- search -->
        <test-method status="PASS" signature="Profile()[pri:0, instance:Hamburger@47845cb3]" name="Profile" duration-ms="4508" started-at="2015-10-18T15:20:11Z" finished-at="2015-10-18T15:20:15Z">
          <reporter-output>
          </reporter-output>
        </test-method> <!-- Profile -->
      </class> <!-- Hamburger -->
    </test> <!-- Hamburger -->
  </suite> <!-- Suite -->
</testng-results>
